#
# A fatal error has been detected by the Java Runtime Environment:
#
#  EXCEPTION_ACCESS_VIOLATION (0xc0000005) at pc=0x000000005c14a6a5, pid=904, tid=5824
#
# JRE version: Java(TM) SE Runtime Environment (8.0_31-b13) (build 1.8.0_31-b13)
# Java VM: Java HotSpot(TM) 64-Bit Server VM (25.31-b07 mixed mode windows-amd64 compressed oops)
# Problematic frame:
# V  [jvm.dll+0x11a6a5]
#
# Failed to write core dump. Minidumps are not enabled by default on client versions of Windows
#
# If you would like to submit a bug report, please visit:
#   http://bugreport.java.com/bugreport/crash.jsp
#

---------------  T H R E A D  ---------------

Current thread (0x000000001dcdc000):  JavaThread "JDWP Transport Listener: dt_socket" daemon [_thread_in_vm, id=5824, stack(0x000000001e580000,0x000000001e680000)]

siginfo: ExceptionCode=0xc0000005, reading address 0x0000003b656c6261

Registers:
RAX=0x000000001e67f201, RBX=0x000000001dcdc000, RCX=0x0000003b656c6261, RDX=0x0000000000000000
RSP=0x000000001e67f200, RBP=0x0000003b656c6261, RSI=0x000000001e67f318, RDI=0x00000000020597d0
R8 =0x000000001dcdc000, R9 =0x0000000000008000, R10=0x0000000000000000, R11=0x000000001e67f4b3
R12=0x0000000000000000, R13=0x000000001dcd1078, R14=0x0000000000000000, R15=0x0000000000000000
RIP=0x000000005c14a6a5, EFLAGS=0x0000000000010202

Top of Stack: (sp=0x000000001e67f200)
0x000000001e67f200:   000000001dcdc000 000000001dcdc000
0x000000001e67f210:   000000001e67f2c8 000000005c347c1b
0x000000001e67f220:   000000001dcdc000 000000005c36447d
0x000000001e67f230:   0000000000000000 000000005bfc9149
0x000000001e67f240:   000000001dd87cb8 000000005bfd2912
0x000000001e67f250:   000000001dcdc000 0000000000000000
0x000000001e67f260:   0000000000000000 0000000000000000
0x000000001e67f270:   0000003b656c6261 000000005bfd1a09
0x000000001e67f280:   000000001e67f318 000000001e67f2f0
0x000000001e67f290:   0000000000000001 000000001dd87cb8
0x000000001e67f2a0:   0000003b656c6261 000000005bfb53b3
0x000000001e67f2b0:   000000001e67f3e0 0000000000000001
0x000000001e67f2c0:   0000000000000001 000000001dd87cb8
0x000000001e67f2d0:   0000000000000009 0000000000000000
0x000000001e67f2e0:   0000000000000000 0000000000000000
0x000000001e67f2f0:   0000000000000001 000000005bfb5571 

Instructions: (pc=0x000000005c14a6a5)
0x000000005c14a685:   cc cc cc cc cc cc cc cc cc cc cc 48 83 ec 28 48
0x000000005c14a695:   85 c9 75 07 33 c0 48 83 c4 28 c3 48 89 5c 24 20
0x000000005c14a6a5:   48 8b 19 48 85 db 74 20 48 83 fb 37 74 1a 48 8b
0x000000005c14a6b5:   13 48 8b cb ff 52 10 84 c0 74 0d 48 8b c3 48 8b 


Register to memory mapping:

RAX=0x000000001e67f201 is pointing into the stack for thread: 0x000000001dcdc000
RBX=0x000000001dcdc000 is a thread
RCX=0x0000003b656c6261 is an unknown value
RDX=0x0000000000000000 is an unknown value
RSP=0x000000001e67f200 is pointing into the stack for thread: 0x000000001dcdc000
RBP=0x0000003b656c6261 is an unknown value
RSI=0x000000001e67f318 is pointing into the stack for thread: 0x000000001dcdc000
RDI=0x00000000020597d0 is an unknown value
R8 =0x000000001dcdc000 is a thread
R9 =0x0000000000008000 is an unknown value
R10=0x0000000000000000 is an unknown value
R11=0x000000001e67f4b3 is pointing into the stack for thread: 0x000000001dcdc000
R12=0x0000000000000000 is an unknown value
R13=0x000000001dcd1078 is an unknown value
R14=0x0000000000000000 is an unknown value
R15=0x0000000000000000 is an unknown value


Stack: [0x000000001e580000,0x000000001e680000],  sp=0x000000001e67f200,  free space=1020k
Native frames: (J=compiled Java code, j=interpreted, Vv=VM code, C=native code)
V  [jvm.dll+0x11a6a5]
V  [jvm.dll+0x33447d]
C  [jdwp.dll+0x21a09]
C  [jdwp.dll+0x53b3]
C  [jdwp.dll+0x5571]
C  [jdwp.dll+0xf09c]
C  [jdwp.dll+0x1f2c9]
C  [jdwp.dll+0x1f49e]
V  [jvm.dll+0x1ac128]
V  [jvm.dll+0x22c194]
V  [jvm.dll+0x28576a]
C  [msvcr100.dll+0x21d9f]
C  [msvcr100.dll+0x21e3b]
C  [KERNEL32.DLL+0x16ad]
C  [ntdll.dll+0x154e4]


---------------  P R O C E S S  ---------------

Java Threads: ( => current thread )
  0x000000001dd74800 JavaThread "Service Thread" daemon [_thread_blocked, id=3168, stack(0x000000001ec80000,0x000000001ed80000)]
  0x000000001dcf8800 JavaThread "C1 CompilerThread3" daemon [_thread_blocked, id=6312, stack(0x000000001eb80000,0x000000001ec80000)]
  0x000000001dcf7800 JavaThread "C2 CompilerThread2" daemon [_thread_blocked, id=1544, stack(0x000000001ea80000,0x000000001eb80000)]
  0x000000001dcf7000 JavaThread "C2 CompilerThread1" daemon [_thread_blocked, id=3928, stack(0x000000001e980000,0x000000001ea80000)]
  0x000000001dcee000 JavaThread "C2 CompilerThread0" daemon [_thread_blocked, id=6884, stack(0x000000001e880000,0x000000001e980000)]
  0x000000001dce1000 JavaThread "JDWP Command Reader" daemon [_thread_in_native, id=6084, stack(0x000000001e780000,0x000000001e880000)]
  0x000000001dce0000 JavaThread "JDWP Event Helper Thread" daemon [_thread_blocked, id=5988, stack(0x000000001e680000,0x000000001e780000)]
=>0x000000001dcdc000 JavaThread "JDWP Transport Listener: dt_socket" daemon [_thread_in_vm, id=5824, stack(0x000000001e580000,0x000000001e680000)]
  0x000000001dcc7800 JavaThread "Attach Listener" daemon [_thread_blocked, id=200, stack(0x000000001e1a0000,0x000000001e2a0000)]
  0x000000001dcc6800 JavaThread "Signal Dispatcher" daemon [_thread_blocked, id=6176, stack(0x000000001e0a0000,0x000000001e1a0000)]
  0x000000001bcdc000 JavaThread "Finalizer" daemon [_thread_blocked, id=5172, stack(0x000000001dba0000,0x000000001dca0000)]
  0x0000000002263800 JavaThread "Reference Handler" daemon [_thread_blocked, id=3732, stack(0x000000001daa0000,0x000000001dba0000)]
  0x000000000205e800 JavaThread "main" [_thread_blocked, id=6484, stack(0x0000000002070000,0x0000000002170000)]

Other Threads:
  0x000000001bcd9000 VMThread [stack: 0x000000001d9a0000,0x000000001daa0000] [id=5044]
  0x000000001dd79800 WatcherThread [stack: 0x000000001ed80000,0x000000001ee80000] [id=652]

VM state:not at safepoint (normal execution)

VM Mutex/Monitor currently owned by a thread: None

Heap:
 PSYoungGen      total 76288K, used 31930K [0x000000076b100000, 0x0000000770600000, 0x00000007c0000000)
  eden space 65536K, 48% used [0x000000076b100000,0x000000076d02ebb8,0x000000076f100000)
  from space 10752K, 0% used [0x000000076fb80000,0x000000076fb80000,0x0000000770600000)
  to   space 10752K, 0% used [0x000000076f100000,0x000000076f100000,0x000000076fb80000)
 ParOldGen       total 175104K, used 0K [0x00000006c1200000, 0x00000006cbd00000, 0x000000076b100000)
  object space 175104K, 0% used [0x00000006c1200000,0x00000006c1200000,0x00000006cbd00000)
 Metaspace       used 9398K, capacity 9530K, committed 9600K, reserved 1058816K
  class space    used 1026K, capacity 1093K, committed 1152K, reserved 1048576K

Card table byte_map: [0x0000000011630000,0x0000000011e30000] byte_map_base: 0x000000000e027000

Marking Bits: (ParMarkBitMap*) 0x000000005c80d4f0
 Begin Bits: [0x0000000012b80000, 0x0000000016b38000)
 End Bits:   [0x0000000016b38000, 0x000000001aaf0000)

Polling page: 0x0000000000960000

CodeCache: size=245760Kb used=4638Kb max_used=4650Kb free=241121Kb
 bounds [0x0000000002270000, 0x0000000002700000, 0x0000000011270000]
 total_blobs=1495 nmethods=1158 adapters=259
 compilation: enabled

Compilation events (10 events):
Event: 3.707 Thread 0x000000001dcf8800 nmethod 1156 0x00000000026a8f50 code [0x00000000026a90a0, 0x00000000026a91f0]
Event: 3.707 Thread 0x000000001dcf8800 1149       3       org.jsoup.nodes.Node::outerHtml (21 bytes)
Event: 3.709 Thread 0x000000001dcf8800 nmethod 1149 0x00000000026f4450 code [0x00000000026f4660, 0x00000000026f5288]
Event: 3.709 Thread 0x000000001dcf8800 1150       3       org.jsoup.nodes.Node::outerHtml (24 bytes)
Event: 3.710 Thread 0x000000001dcf8800 nmethod 1150 0x00000000026f2dd0 code [0x00000000026f2fe0, 0x00000000026f3e38]
Event: 3.710 Thread 0x000000001dcf8800 1151       3       org.jsoup.nodes.Node::getOutputSettings (30 bytes)
Event: 3.711 Thread 0x000000001dcf8800 nmethod 1151 0x00000000026f7050 code [0x00000000026f7260, 0x00000000026f83a8]
Event: 3.712 Thread 0x000000001dcf8800 1152       3       org.jsoup.nodes.Node$OuterHtmlVisitor::<init> (15 bytes)
Event: 3.712 Thread 0x000000001dcf8800 nmethod 1152 0x00000000026f8710 code [0x00000000026f8860, 0x00000000026f8a50]
Event: 3.714 Thread 0x000000001dcee000 nmethod 1158 0x00000000026fbcd0 code [0x00000000026fbe20, 0x00000000026fc3b8]

GC Heap History (0 events):
No events

Deoptimization events (10 events):
Event: 0.686 Thread 0x000000000205e800 Uncommon trap: reason=unreached action=reinterpret pc=0x0000000002534aa4 method=java.util.HashMap.hash(Ljava/lang/Object;)I @ 1
Event: 0.686 Thread 0x000000000205e800 Uncommon trap: reason=unreached action=reinterpret pc=0x00000000024edd20 method=java.util.HashMap.hash(Ljava/lang/Object;)I @ 1
Event: 0.686 Thread 0x000000000205e800 Uncommon trap: reason=unreached action=reinterpret pc=0x000000000249c3ac method=java.util.HashMap.hash(Ljava/lang/Object;)I @ 1
Event: 0.759 Thread 0x000000000205e800 Uncommon trap: reason=class_check action=maybe_recompile pc=0x00000000024a94a4 method=java.util.HashMap.putVal(ILjava/lang/Object;Ljava/lang/Object;ZZ)Ljava/lang/Object; @ 91
Event: 0.763 Thread 0x000000000205e800 Uncommon trap: reason=class_check action=maybe_recompile pc=0x00000000024a94a4 method=java.util.HashMap.putVal(ILjava/lang/Object;Ljava/lang/Object;ZZ)Ljava/lang/Object; @ 91
Event: 0.763 Thread 0x000000000205e800 Uncommon trap: reason=class_check action=maybe_recompile pc=0x00000000024a94a4 method=java.util.HashMap.putVal(ILjava/lang/Object;Ljava/lang/Object;ZZ)Ljava/lang/Object; @ 91
Event: 0.849 Thread 0x000000000205e800 Uncommon trap: reason=class_check action=maybe_recompile pc=0x000000000261bb18 method=org.jsoup.parser.TreeBuilder.currentElement()Lorg/jsoup/nodes/Element; @ 22
Event: 0.849 Thread 0x000000000205e800 Uncommon trap: reason=class_check action=maybe_recompile pc=0x000000000261bb18 method=org.jsoup.parser.TreeBuilder.currentElement()Lorg/jsoup/nodes/Element; @ 22
Event: 0.849 Thread 0x000000000205e800 Uncommon trap: reason=class_check action=maybe_recompile pc=0x000000000261bb18 method=org.jsoup.parser.TreeBuilder.currentElement()Lorg/jsoup/nodes/Element; @ 22
Event: 0.850 Thread 0x000000000205e800 Uncommon trap: reason=class_check action=maybe_recompile pc=0x000000000261bb18 method=org.jsoup.parser.TreeBuilder.currentElement()Lorg/jsoup/nodes/Element; @ 22

Internal exceptions (10 events):
Event: 0.854 Thread 0x000000000205e800 Exception <a 'java/security/PrivilegedActionException'> (0x000000076cbe3db8) thrown at [C:\workspace\8-2-build-windows-amd64-cygwin\jdk8u31\2394\hotspot\src\share\vm\prims\jvm.cpp, line 1312]
Event: 0.855 Thread 0x000000000205e800 Exception <a 'java/security/PrivilegedActionException'> (0x000000076cbe76c0) thrown at [C:\workspace\8-2-build-windows-amd64-cygwin\jdk8u31\2394\hotspot\src\share\vm\prims\jvm.cpp, line 1312]
Event: 0.856 Thread 0x000000000205e800 Exception <a 'java/security/PrivilegedActionException'> (0x000000076cbec3d0) thrown at [C:\workspace\8-2-build-windows-amd64-cygwin\jdk8u31\2394\hotspot\src\share\vm\prims\jvm.cpp, line 1312]
Event: 0.857 Thread 0x000000000205e800 Exception <a 'java/security/PrivilegedActionException'> (0x000000076cbef9a0) thrown at [C:\workspace\8-2-build-windows-amd64-cygwin\jdk8u31\2394\hotspot\src\share\vm\prims\jvm.cpp, line 1312]
Event: 0.857 Thread 0x000000000205e800 Exception <a 'java/security/PrivilegedActionException'> (0x000000076cbf2970) thrown at [C:\workspace\8-2-build-windows-amd64-cygwin\jdk8u31\2394\hotspot\src\share\vm\prims\jvm.cpp, line 1312]
Event: 0.858 Thread 0x000000000205e800 Exception <a 'java/security/PrivilegedActionException'> (0x000000076cbf56c0) thrown at [C:\workspace\8-2-build-windows-amd64-cygwin\jdk8u31\2394\hotspot\src\share\vm\prims\jvm.cpp, line 1312]
Event: 0.858 Thread 0x000000000205e800 Exception <a 'java/security/PrivilegedActionException'> (0x000000076cbf89c8) thrown at [C:\workspace\8-2-build-windows-amd64-cygwin\jdk8u31\2394\hotspot\src\share\vm\prims\jvm.cpp, line 1312]
Event: 2.785 Thread 0x000000000205e800 Exception <a 'java/security/PrivilegedActionException'> (0x000000076cc198b8) thrown at [C:\workspace\8-2-build-windows-amd64-cygwin\jdk8u31\2394\hotspot\src\share\vm\prims\jvm.cpp, line 1312]
Event: 2.785 Thread 0x000000000205e800 Exception <a 'java/security/PrivilegedActionException'> (0x000000076cc1d170) thrown at [C:\workspace\8-2-build-windows-amd64-cygwin\jdk8u31\2394\hotspot\src\share\vm\prims\jvm.cpp, line 1312]
Event: 2.786 Thread 0x000000000205e800 Exception <a 'java/security/PrivilegedActionException'> (0x000000076cc20a30) thrown at [C:\workspace\8-2-build-windows-amd64-cygwin\jdk8u31\2394\hotspot\src\share\vm\prims\jvm.cpp, line 1312]

Events (10 events):
Event: 13627.490 Executing VM operation: RedefineClasses
Event: 13627.505 Executing VM operation: RedefineClasses done
Event: 13627.518 Executing VM operation: ChangeBreakpoints
Event: 13627.520 Executing VM operation: ChangeBreakpoints done
Event: 13684.001 Executing VM operation: RedefineClasses
Event: 13684.009 Executing VM operation: RedefineClasses done
Event: 13684.013 Executing VM operation: ChangeBreakpoints
Event: 13684.014 Executing VM operation: ChangeBreakpoints done
Event: 160046.500 Executing VM operation: RedefineClasses
Event: 160046.509 Executing VM operation: RedefineClasses done


Dynamic libraries:
0x00007ff72c9b0000 - 0x00007ff72c9e4000 	C:\Program Files\Java\jdk1.8.0_31\bin\javaw.exe
0x00007ffbd7110000 - 0x00007ffbd72bd000 	C:\Windows\SYSTEM32\ntdll.dll
0x00007ffbd4ef0000 - 0x00007ffbd502a000 	C:\Windows\system32\KERNEL32.DLL
0x00007ffbd4550000 - 0x00007ffbd465f000 	C:\Windows\system32\KERNELBASE.dll
0x00007ffbd3070000 - 0x00007ffbd30f8000 	C:\Windows\system32\apphelp.dll
0x00007ffbc9ac0000 - 0x00007ffbc9b0f000 	C:\Windows\AppPatch\AppPatch64\AcGenral.DLL
0x00007ffbd69b0000 - 0x00007ffbd6a57000 	C:\Windows\system32\msvcrt.dll
0x00007ffbd4330000 - 0x00007ffbd435b000 	C:\Windows\SYSTEM32\SspiCli.dll
0x00007ffbd4dd0000 - 0x00007ffbd4e21000 	C:\Windows\system32\SHLWAPI.dll
0x00007ffbd4990000 - 0x00007ffbd4b01000 	C:\Windows\system32\USER32.dll
0x00007ffbd4b10000 - 0x00007ffbd4c88000 	C:\Windows\system32\ole32.dll
0x00007ffbd5030000 - 0x00007ffbd643f000 	C:\Windows\system32\SHELL32.dll
0x00007ffbd3af0000 - 0x00007ffbd3b0e000 	C:\Windows\SYSTEM32\USERENV.dll
0x00007ffbd4e40000 - 0x00007ffbd4ee5000 	C:\Windows\system32\ADVAPI32.dll
0x00007ffbcabf0000 - 0x00007ffbcac0b000 	C:\Windows\SYSTEM32\MPR.dll
0x00007ffbd4c90000 - 0x00007ffbd4dc7000 	C:\Windows\system32\RPCRT4.dll
0x00007ffbd6aa0000 - 0x00007ffbd6af7000 	C:\Windows\SYSTEM32\sechost.dll
0x00007ffbd6f30000 - 0x00007ffbd7106000 	C:\Windows\SYSTEM32\combase.dll
0x00007ffbd66e0000 - 0x00007ffbd6824000 	C:\Windows\system32\GDI32.dll
0x00007ffbd4480000 - 0x00007ffbd4494000 	C:\Windows\SYSTEM32\profapi.dll
0x00007ffbd2fd0000 - 0x00007ffbd306f000 	C:\Windows\SYSTEM32\SHCORE.dll
0x00007ffbd6a60000 - 0x00007ffbd6a94000 	C:\Windows\system32\IMM32.DLL
0x00007ffbd6840000 - 0x00007ffbd6979000 	C:\Windows\system32\MSCTF.dll
0x00007ffbd2220000 - 0x00007ffbd247a000 	C:\Windows\WinSxS\amd64_microsoft.windows.common-controls_6595b64144ccf1df_6.0.9600.17031_none_6242a4b3ecbb55a1\COMCTL32.dll
0x000000005c890000 - 0x000000005c962000 	C:\Program Files\Java\jdk1.8.0_31\jre\bin\msvcr100.dll
0x000000005c030000 - 0x000000005c88a000 	C:\Program Files\Java\jdk1.8.0_31\jre\bin\server\jvm.dll
0x00007ffbcaf40000 - 0x00007ffbcaf49000 	C:\Windows\SYSTEM32\WSOCK32.dll
0x00007ffbcfa40000 - 0x00007ffbcfa5f000 	C:\Windows\SYSTEM32\WINMM.dll
0x00007ffbd6830000 - 0x00007ffbd6837000 	C:\Windows\system32\PSAPI.DLL
0x00007ffbd6dc0000 - 0x00007ffbd6e18000 	C:\Windows\system32\WS2_32.dll
0x00007ffbcf8f0000 - 0x00007ffbcf91a000 	C:\Windows\SYSTEM32\WINMMBASE.dll
0x00007ffbd6ce0000 - 0x00007ffbd6ce9000 	C:\Windows\system32\NSI.dll
0x00007ffbd4890000 - 0x00007ffbd48da000 	C:\Windows\SYSTEM32\cfgmgr32.dll
0x00007ffbd32e0000 - 0x00007ffbd3306000 	C:\Windows\SYSTEM32\DEVOBJ.dll
0x000000005c020000 - 0x000000005c02f000 	C:\Program Files\Java\jdk1.8.0_31\jre\bin\verify.dll
0x000000005bff0000 - 0x000000005c018000 	C:\Program Files\Java\jdk1.8.0_31\jre\bin\java.dll
0x000000005bfb0000 - 0x000000005bfe5000 	C:\Program Files\Java\jdk1.8.0_31\jre\bin\jdwp.dll
0x000000005bfa0000 - 0x000000005bfa8000 	C:\Program Files\Java\jdk1.8.0_31\jre\bin\npt.dll
0x000000005bf80000 - 0x000000005bf96000 	C:\Program Files\Java\jdk1.8.0_31\jre\bin\zip.dll
0x000000005bf70000 - 0x000000005bf79000 	C:\Program Files\Java\jdk1.8.0_31\jre\bin\dt_socket.dll
0x00007ffbca150000 - 0x00007ffbca164000 	C:\Windows\system32\napinsp.dll
0x00007ffbca170000 - 0x00007ffbca189000 	C:\Windows\system32\pnrpnsp.dll
0x00007ffbcfc00000 - 0x00007ffbcfc1b000 	C:\Windows\system32\NLAapi.dll
0x00007ffbd3d90000 - 0x00007ffbd3de8000 	C:\Windows\System32\mswsock.dll
0x00007ffbd3ba0000 - 0x00007ffbd3c43000 	C:\Windows\SYSTEM32\DNSAPI.dll
0x00007ffbca190000 - 0x00007ffbca19c000 	C:\Windows\System32\winrnr.dll
0x00007ffbca1a0000 - 0x00007ffbca1b3000 	C:\Windows\system32\wshbth.dll
0x00007ffbce5b0000 - 0x00007ffbce618000 	C:\Windows\System32\fwpuclnt.dll
0x00007ffbcac60000 - 0x00007ffbcac69000 	C:\Windows\System32\rasadhlp.dll
0x000000005bf40000 - 0x000000005bf64000 	C:\Program Files\Java\jdk1.8.0_31\jre\bin\sunec.dll
0x00007ffbd3df0000 - 0x00007ffbd3e0e000 	C:\Windows\SYSTEM32\CRYPTSP.dll
0x00007ffbd39e0000 - 0x00007ffbd3a15000 	C:\Windows\system32\rsaenh.dll
0x00007ffbd4030000 - 0x00007ffbd4056000 	C:\Windows\SYSTEM32\bcrypt.dll
0x00007ffbd4360000 - 0x00007ffbd43c0000 	C:\Windows\system32\bcryptprimitives.dll
0x00007ffbd43c0000 - 0x00007ffbd43ca000 	C:\Windows\SYSTEM32\CRYPTBASE.dll
0x000000005bf20000 - 0x000000005bf3a000 	C:\Program Files\Java\jdk1.8.0_31\jre\bin\net.dll
0x00007ffbce690000 - 0x00007ffbce6b9000 	C:\Windows\SYSTEM32\IPHLPAPI.DLL
0x00007ffbce670000 - 0x00007ffbce67a000 	C:\Windows\SYSTEM32\WINNSI.DLL
0x00007ffbce240000 - 0x00007ffbce254000 	C:\Windows\SYSTEM32\dhcpcsvc6.DLL
0x00007ffbce370000 - 0x00007ffbce389000 	C:\Windows\SYSTEM32\dhcpcsvc.DLL
0x000000005bf00000 - 0x000000005bf11000 	C:\Program Files\Java\jdk1.8.0_31\jre\bin\nio.dll
0x00007ffbb1c90000 - 0x00007ffbb1e18000 	C:\Windows\SYSTEM32\dbghelp.dll

VM Arguments:
jvm_args: -agentlib:jdwp=transport=dt_socket,suspend=y,address=localhost:54282 -Dfile.encoding=UTF-8 
java_command: com.wikigame.wikigame.App
java_class_path (initial): D:\users\tynpeddler\Documents\Java_Projects\wikigame\target\classes;C:\Users\tynpeddler\.m2\repository\org\jsoup\jsoup\1.8.3\jsoup-1.8.3.jar
Launcher Type: SUN_STANDARD

Environment Variables:
PATH=C:\Program Files\Java\jdk1.8.0_31\jre\bin;C:/Program Files/Java/jre1.8.0_91/bin/server;C:/Program Files/Java/jre1.8.0_91/bin;C:/Program Files/Java/jre1.8.0_91/lib/amd64;C:\Program Files\Haskell\bin;D:\Programs\haskell\lib\extralibs\bin;D:\Programs\haskell\bin;C:\ProgramData\Oracle\Java\javapath;C:\Program Files (x86)\Intel\iCLS Client\;C:\Program Files\Intel\iCLS Client\;C:\Windows\system32;C:\Windows;C:\Windows\System32\Wbem;C:\Windows\System32\WindowsPowerShell\v1.0\;C:\Program Files\Intel\Intel(R) Management Engine Components\DAL;C:\Program Files (x86)\Intel\Intel(R) Management Engine Components\DAL;C:\Program Files\Intel\Intel(R) Management Engine Components\IPT;C:\Program Files (x86)\Intel\Intel(R) Management Engine Components\IPT;C:\Program Files (x86)\Acer\abFiles\;D:\Programs\haskell\mingw\bin;C:\Program Files\PostgreSQL\9.4\bin;C:\HashiCorp\Vagrant\bin;C:\Program Files (x86)\Bitvise SSH Client;D:\Programs\Games\Steam;C:\Program Files\Git\cmd;C:\Program Files (x86)\NVIDIA Corporation\PhysX\Common;C:\Program Files\nodejs\;C:\Users\tynpeddler\AppData\Roaming\cabal\bin;C:\Users\tynpeddler\AppData\Local\atom\bin;c:\Users\tynpeddler\AppData\Local\atom\bin;C:\Users\tynpeddler\AppData\Roaming\npm;D:\users\tynpeddler\Apps\STS\sts-bundle\sts-3.6.3.SR1;
USERNAME=tynpeddler
OS=Windows_NT
PROCESSOR_IDENTIFIER=Intel64 Family 6 Model 60 Stepping 3, GenuineIntel



---------------  S Y S T E M  ---------------

OS: Windows 8.1 , 64 bit Build 9600 

CPU:total 8 (4 cores per cpu, 2 threads per core) family 6 model 60 stepping 3, cmov, cx8, fxsr, mmx, sse, sse2, sse3, ssse3, sse4.1, sse4.2, popcnt, avx, avx2, aes, clmul, erms, lzcnt, ht, tsc, tscinvbit, bmi1, bmi2

Memory: 4k page, physical 16698648k(11904452k free), swap 19189016k(13547564k free)

vm_info: Java HotSpot(TM) 64-Bit Server VM (25.31-b07) for windows-amd64 JRE (1.8.0_31-b13), built on Dec 17 2014 21:00:28 by "java_re" with MS VC++ 10.0 (VS2010)

time: Fri Feb 24 11:19:48 2017
elapsed time: 160046 seconds (1d 20h 27m 26s)

